Arguments: 
  C:\Users\shiha\AppData\Roaming\nvm\v16.15.1\node.exe C:\Program Files (x86)\Yarn\bin\yarn.js add typescirpt -D

PATH: 
  C:\Users\shiha\bin;C:\Program Files\Git\mingw64\bin;C:\Program Files\Git\usr\local\bin;C:\Program Files\Git\usr\bin;C:\Program Files\Git\usr\bin;C:\Program Files\Git\mingw64\bin;C:\Program Files\Git\usr\bin;C:\Users\shiha\bin;C:\Windows\system32;C:\Windows;C:\Windows\System32\Wbem;C:\Windows\System32\WindowsPowerShell\v1.0;C:\Windows\System32\OpenSSH;C:\Program Files\Git\cmd;C:\MinGW\bin;C:\Users\shiha\AppData\Roaming\nvm;C:\Program Files\nodejs;C:\Program Files (x86)\NVIDIA Corporation\PhysX\Common;C:\Program Files\NVIDIA Corporation\NVIDIA NvDLISR;C:\Program Files (x86)\Yarn\bin;C:\Program Files\dotnet;C:\Program Files\Cloudflare\Cloudflare WARP;C:\Users\shiha\AppData\Local\Programs\Python\Python310\Scripts;C:\Users\shiha\AppData\Local\Programs\Python\Python310;C:\Program Files\MySQL\MySQL Shell 8.0\bin;C:\Users\shiha\AppData\Local\pnpm;C:\Users\shiha\AppData\Local\Microsoft\WindowsApps;C:\Users\shiha\AppData\Local\Programs\Microsoft VS Code\bin;C:\Users\shiha\AppData\Roaming\nvm;C:\Program Files\nodejs;C:\Users\shiha\AppData\Local\Yarn\bin;C:\adb;C:\Program Files\Docker\Docker\resources\bin;C:\src\flutter\bin;C:\Users\shiha\.cargo\bin;C:\Program Files\Git\usr\bin\vendor_perl;C:\Program Files\Git\usr\bin\core_perl

Yarn version: 
  1.22.19

Node version: 
  16.15.1

Platform: 
  win32 x64

Trace: 
  Error: https://registry.yarnpkg.com/typescirpt: Not found
      at Request.params.callback [as _callback] (C:\Program Files (x86)\Yarn\lib\cli.js:66145:18)
      at Request.self.callback (C:\Program Files (x86)\Yarn\lib\cli.js:140890:22)
      at Request.emit (node:events:527:28)
      at Request.<anonymous> (C:\Program Files (x86)\Yarn\lib\cli.js:141862:10)
      at Request.emit (node:events:527:28)
      at IncomingMessage.<anonymous> (C:\Program Files (x86)\Yarn\lib\cli.js:141784:12)
      at Object.onceWrapper (node:events:641:28)
      at IncomingMessage.emit (node:events:539:35)
      at endReadableNT (node:internal/streams/readable:1345:12)
      at processTicksAndRejections (node:internal/process/task_queues:83:21)

npm manifest: 
  {
    "name": "assignment-1",
    "version": "1.0.0",
    "main": "index.js",
    "license": "MIT"
  }

yarn manifest: 
  No manifest

Lockfile: 
  No lockfile
